<?xml version="1.0" encoding="UTF-8"?>
<testsuite xmlns:xsi="http://www.w3.org/2001/XMLSchema-instance" xsi:noNamespaceSchemaLocation="https://maven.apache.org/surefire/maven-surefire-plugin/xsd/surefire-test-report.xsd" name="edu.cmu.cs.cloud.RedisTest" time="0.041" tests="11" errors="7" skipped="0" failures="0">
  <properties>
    <property name="awt.toolkit" value="sun.awt.X11.XToolkit"/>
    <property name="file.encoding.pkg" value="sun.io"/>
    <property name="java.specification.version" value="1.8"/>
    <property name="sun.cpu.isalist" value=""/>
    <property name="sun.jnu.encoding" value="UTF-8"/>
    <property name="java.class.path" value="/home/clouduser/Project_Database/target/test-classes:/home/clouduser/Project_Database/target/classes:/home/clouduser/.m2/repository/org/apache/hadoop/hadoop-common/3.0.0/hadoop-common-3.0.0.jar:/home/clouduser/.m2/repository/org/apache/hadoop/hadoop-annotations/3.0.0/hadoop-annotations-3.0.0.jar:/usr/lib/jvm/java-8-openjdk-amd64/jre/../lib/tools.jar:/home/clouduser/.m2/repository/com/google/guava/guava/11.0.2/guava-11.0.2.jar:/home/clouduser/.m2/repository/commons-cli/commons-cli/1.2/commons-cli-1.2.jar:/home/clouduser/.m2/repository/org/apache/commons/commons-math3/3.1.1/commons-math3-3.1.1.jar:/home/clouduser/.m2/repository/org/apache/httpcomponents/httpclient/4.5.2/httpclient-4.5.2.jar:/home/clouduser/.m2/repository/org/apache/httpcomponents/httpcore/4.4.4/httpcore-4.4.4.jar:/home/clouduser/.m2/repository/commons-codec/commons-codec/1.4/commons-codec-1.4.jar:/home/clouduser/.m2/repository/commons-io/commons-io/2.4/commons-io-2.4.jar:/home/clouduser/.m2/repository/commons-net/commons-net/3.1/commons-net-3.1.jar:/home/clouduser/.m2/repository/commons-collections/commons-collections/3.2.2/commons-collections-3.2.2.jar:/home/clouduser/.m2/repository/javax/servlet/javax.servlet-api/3.1.0/javax.servlet-api-3.1.0.jar:/home/clouduser/.m2/repository/org/eclipse/jetty/jetty-server/9.3.19.v20170502/jetty-server-9.3.19.v20170502.jar:/home/clouduser/.m2/repository/org/eclipse/jetty/jetty-http/9.3.19.v20170502/jetty-http-9.3.19.v20170502.jar:/home/clouduser/.m2/repository/org/eclipse/jetty/jetty-io/9.3.19.v20170502/jetty-io-9.3.19.v20170502.jar:/home/clouduser/.m2/repository/org/eclipse/jetty/jetty-util/9.3.19.v20170502/jetty-util-9.3.19.v20170502.jar:/home/clouduser/.m2/repository/org/eclipse/jetty/jetty-servlet/9.3.19.v20170502/jetty-servlet-9.3.19.v20170502.jar:/home/clouduser/.m2/repository/org/eclipse/jetty/jetty-security/9.3.19.v20170502/jetty-security-9.3.19.v20170502.jar:/home/clouduser/.m2/repository/org/eclipse/jetty/jetty-webapp/9.3.19.v20170502/jetty-webapp-9.3.19.v20170502.jar:/home/clouduser/.m2/repository/org/eclipse/jetty/jetty-xml/9.3.19.v20170502/jetty-xml-9.3.19.v20170502.jar:/home/clouduser/.m2/repository/javax/servlet/jsp/jsp-api/2.1/jsp-api-2.1.jar:/home/clouduser/.m2/repository/com/sun/jersey/jersey-core/1.19/jersey-core-1.19.jar:/home/clouduser/.m2/repository/javax/ws/rs/jsr311-api/1.1.1/jsr311-api-1.1.1.jar:/home/clouduser/.m2/repository/com/sun/jersey/jersey-servlet/1.19/jersey-servlet-1.19.jar:/home/clouduser/.m2/repository/com/sun/jersey/jersey-json/1.19/jersey-json-1.19.jar:/home/clouduser/.m2/repository/org/codehaus/jettison/jettison/1.1/jettison-1.1.jar:/home/clouduser/.m2/repository/com/sun/xml/bind/jaxb-impl/2.2.3-1/jaxb-impl-2.2.3-1.jar:/home/clouduser/.m2/repository/javax/xml/bind/jaxb-api/2.2.2/jaxb-api-2.2.2.jar:/home/clouduser/.m2/repository/javax/xml/stream/stax-api/1.0-2/stax-api-1.0-2.jar:/home/clouduser/.m2/repository/javax/activation/activation/1.1/activation-1.1.jar:/home/clouduser/.m2/repository/org/codehaus/jackson/jackson-core-asl/1.9.2/jackson-core-asl-1.9.2.jar:/home/clouduser/.m2/repository/org/codehaus/jackson/jackson-jaxrs/1.9.2/jackson-jaxrs-1.9.2.jar:/home/clouduser/.m2/repository/org/codehaus/jackson/jackson-xc/1.9.2/jackson-xc-1.9.2.jar:/home/clouduser/.m2/repository/com/sun/jersey/jersey-server/1.19/jersey-server-1.19.jar:/home/clouduser/.m2/repository/commons-logging/commons-logging/1.1.3/commons-logging-1.1.3.jar:/home/clouduser/.m2/repository/log4j/log4j/1.2.17/log4j-1.2.17.jar:/home/clouduser/.m2/repository/commons-lang/commons-lang/2.6/commons-lang-2.6.jar:/home/clouduser/.m2/repository/commons-beanutils/commons-beanutils/1.9.3/commons-beanutils-1.9.3.jar:/home/clouduser/.m2/repository/org/apache/commons/commons-configuration2/2.1.1/commons-configuration2-2.1.1.jar:/home/clouduser/.m2/repository/org/apache/commons/commons-lang3/3.4/commons-lang3-3.4.jar:/home/clouduser/.m2/repository/org/slf4j/slf4j-api/1.7.25/slf4j-api-1.7.25.jar:/home/clouduser/.m2/repository/org/slf4j/slf4j-log4j12/1.7.25/slf4j-log4j12-1.7.25.jar:/home/clouduser/.m2/repository/org/apache/avro/avro/1.7.7/avro-1.7.7.jar:/home/clouduser/.m2/repository/com/thoughtworks/paranamer/paranamer/2.3/paranamer-2.3.jar:/home/clouduser/.m2/repository/org/xerial/snappy/snappy-java/1.0.5/snappy-java-1.0.5.jar:/home/clouduser/.m2/repository/com/google/re2j/re2j/1.1/re2j-1.1.jar:/home/clouduser/.m2/repository/com/google/protobuf/protobuf-java/2.5.0/protobuf-java-2.5.0.jar:/home/clouduser/.m2/repository/com/google/code/gson/gson/2.2.4/gson-2.2.4.jar:/home/clouduser/.m2/repository/org/apache/hadoop/hadoop-auth/3.0.0/hadoop-auth-3.0.0.jar:/home/clouduser/.m2/repository/com/nimbusds/nimbus-jose-jwt/4.41.1/nimbus-jose-jwt-4.41.1.jar:/home/clouduser/.m2/repository/com/github/stephenc/jcip/jcip-annotations/1.0-1/jcip-annotations-1.0-1.jar:/home/clouduser/.m2/repository/net/minidev/json-smart/2.3/json-smart-2.3.jar:/home/clouduser/.m2/repository/net/minidev/accessors-smart/1.2/accessors-smart-1.2.jar:/home/clouduser/.m2/repository/org/ow2/asm/asm/5.0.4/asm-5.0.4.jar:/home/clouduser/.m2/repository/org/apache/curator/curator-framework/2.12.0/curator-framework-2.12.0.jar:/home/clouduser/.m2/repository/com/jcraft/jsch/0.1.54/jsch-0.1.54.jar:/home/clouduser/.m2/repository/org/apache/curator/curator-client/2.12.0/curator-client-2.12.0.jar:/home/clouduser/.m2/repository/org/apache/curator/curator-recipes/2.12.0/curator-recipes-2.12.0.jar:/home/clouduser/.m2/repository/com/google/code/findbugs/jsr305/3.0.0/jsr305-3.0.0.jar:/home/clouduser/.m2/repository/org/apache/htrace/htrace-core4/4.1.0-incubating/htrace-core4-4.1.0-incubating.jar:/home/clouduser/.m2/repository/org/apache/zookeeper/zookeeper/3.4.9/zookeeper-3.4.9.jar:/home/clouduser/.m2/repository/jline/jline/0.9.94/jline-0.9.94.jar:/home/clouduser/.m2/repository/io/netty/netty/3.10.5.Final/netty-3.10.5.Final.jar:/home/clouduser/.m2/repository/org/apache/commons/commons-compress/1.4.1/commons-compress-1.4.1.jar:/home/clouduser/.m2/repository/org/tukaani/xz/1.0/xz-1.0.jar:/home/clouduser/.m2/repository/org/apache/kerby/kerb-simplekdc/1.0.1/kerb-simplekdc-1.0.1.jar:/home/clouduser/.m2/repository/org/apache/kerby/kerb-client/1.0.1/kerb-client-1.0.1.jar:/home/clouduser/.m2/repository/org/apache/kerby/kerby-config/1.0.1/kerby-config-1.0.1.jar:/home/clouduser/.m2/repository/org/apache/kerby/kerb-core/1.0.1/kerb-core-1.0.1.jar:/home/clouduser/.m2/repository/org/apache/kerby/kerby-pkix/1.0.1/kerby-pkix-1.0.1.jar:/home/clouduser/.m2/repository/org/apache/kerby/kerby-asn1/1.0.1/kerby-asn1-1.0.1.jar:/home/clouduser/.m2/repository/org/apache/kerby/kerby-util/1.0.1/kerby-util-1.0.1.jar:/home/clouduser/.m2/repository/org/apache/kerby/kerb-common/1.0.1/kerb-common-1.0.1.jar:/home/clouduser/.m2/repository/org/apache/kerby/kerb-crypto/1.0.1/kerb-crypto-1.0.1.jar:/home/clouduser/.m2/repository/org/apache/kerby/kerb-util/1.0.1/kerb-util-1.0.1.jar:/home/clouduser/.m2/repository/org/apache/kerby/token-provider/1.0.1/token-provider-1.0.1.jar:/home/clouduser/.m2/repository/org/apache/kerby/kerb-admin/1.0.1/kerb-admin-1.0.1.jar:/home/clouduser/.m2/repository/org/apache/kerby/kerb-server/1.0.1/kerb-server-1.0.1.jar:/home/clouduser/.m2/repository/org/apache/kerby/kerb-identity/1.0.1/kerb-identity-1.0.1.jar:/home/clouduser/.m2/repository/org/apache/kerby/kerby-xdr/1.0.1/kerby-xdr-1.0.1.jar:/home/clouduser/.m2/repository/com/fasterxml/jackson/core/jackson-databind/2.7.8/jackson-databind-2.7.8.jar:/home/clouduser/.m2/repository/com/fasterxml/jackson/core/jackson-annotations/2.7.0/jackson-annotations-2.7.0.jar:/home/clouduser/.m2/repository/org/codehaus/woodstox/stax2-api/3.1.4/stax2-api-3.1.4.jar:/home/clouduser/.m2/repository/com/fasterxml/woodstox/woodstox-core/5.0.3/woodstox-core-5.0.3.jar:/home/clouduser/.m2/repository/org/apache/hbase/hbase-client/1.4.1/hbase-client-1.4.1.jar:/home/clouduser/.m2/repository/org/apache/hbase/hbase-annotations/1.4.1/hbase-annotations-1.4.1.jar:/home/clouduser/.m2/repository/com/github/stephenc/findbugs/findbugs-annotations/1.3.9-1/findbugs-annotations-1.3.9-1.jar:/home/clouduser/.m2/repository/junit/junit/4.12/junit-4.12.jar:/home/clouduser/.m2/repository/org/hamcrest/hamcrest-core/1.3/hamcrest-core-1.3.jar:/home/clouduser/.m2/repository/org/apache/hbase/hbase-common/1.4.1/hbase-common-1.4.1.jar:/home/clouduser/.m2/repository/org/mortbay/jetty/jetty-util/6.1.26/jetty-util-6.1.26.jar:/home/clouduser/.m2/repository/org/apache/hbase/hbase-hadoop-compat/1.4.1/hbase-hadoop-compat-1.4.1.jar:/home/clouduser/.m2/repository/org/apache/commons/commons-math/2.2/commons-math-2.2.jar:/home/clouduser/.m2/repository/org/apache/hbase/hbase-metrics-api/1.4.1/hbase-metrics-api-1.4.1.jar:/home/clouduser/.m2/repository/org/apache/hbase/hbase-hadoop2-compat/1.4.1/hbase-hadoop2-compat-1.4.1.jar:/home/clouduser/.m2/repository/org/apache/hbase/hbase-metrics/1.4.1/hbase-metrics-1.4.1.jar:/home/clouduser/.m2/repository/io/dropwizard/metrics/metrics-core/3.1.2/metrics-core-3.1.2.jar:/home/clouduser/.m2/repository/org/apache/hbase/hbase-protocol/1.4.1/hbase-protocol-1.4.1.jar:/home/clouduser/.m2/repository/io/netty/netty-all/4.1.8.Final/netty-all-4.1.8.Final.jar:/home/clouduser/.m2/repository/org/apache/htrace/htrace-core/3.1.0-incubating/htrace-core-3.1.0-incubating.jar:/home/clouduser/.m2/repository/org/codehaus/jackson/jackson-mapper-asl/1.9.13/jackson-mapper-asl-1.9.13.jar:/home/clouduser/.m2/repository/org/jruby/jcodings/jcodings/1.0.8/jcodings-1.0.8.jar:/home/clouduser/.m2/repository/org/jruby/joni/joni/2.1.2/joni-2.1.2.jar:/home/clouduser/.m2/repository/com/yammer/metrics/metrics-core/2.2.0/metrics-core-2.2.0.jar:/home/clouduser/.m2/repository/org/apache/hadoop/hadoop-mapreduce-client-core/2.7.4/hadoop-mapreduce-client-core-2.7.4.jar:/home/clouduser/.m2/repository/org/apache/hadoop/hadoop-yarn-common/2.7.4/hadoop-yarn-common-2.7.4.jar:/home/clouduser/.m2/repository/org/apache/hadoop/hadoop-yarn-api/2.7.4/hadoop-yarn-api-2.7.4.jar:/home/clouduser/.m2/repository/mysql/mysql-connector-java/5.1.44/mysql-connector-java-5.1.44.jar:/home/clouduser/.m2/repository/org/apache/commons/commons-exec/1.3/commons-exec-1.3.jar:/home/clouduser/.m2/repository/org/hibernate/hibernate-core/5.2.12.Final/hibernate-core-5.2.12.Final.jar:/home/clouduser/.m2/repository/org/jboss/logging/jboss-logging/3.3.0.Final/jboss-logging-3.3.0.Final.jar:/home/clouduser/.m2/repository/org/hibernate/javax/persistence/hibernate-jpa-2.1-api/1.0.0.Final/hibernate-jpa-2.1-api-1.0.0.Final.jar:/home/clouduser/.m2/repository/org/javassist/javassist/3.20.0-GA/javassist-3.20.0-GA.jar:/home/clouduser/.m2/repository/antlr/antlr/2.7.7/antlr-2.7.7.jar:/home/clouduser/.m2/repository/org/jboss/spec/javax/transaction/jboss-transaction-api_1.2_spec/1.0.1.Final/jboss-transaction-api_1.2_spec-1.0.1.Final.jar:/home/clouduser/.m2/repository/org/jboss/jandex/2.0.3.Final/jandex-2.0.3.Final.jar:/home/clouduser/.m2/repository/com/fasterxml/classmate/1.3.0/classmate-1.3.0.jar:/home/clouduser/.m2/repository/dom4j/dom4j/1.6.1/dom4j-1.6.1.jar:/home/clouduser/.m2/repository/org/hibernate/common/hibernate-commons-annotations/5.0.1.Final/hibernate-commons-annotations-5.0.1.Final.jar:/home/clouduser/.m2/repository/org/hibernate/hibernate-annotations/3.5.6-Final/hibernate-annotations-3.5.6-Final.jar:/home/clouduser/.m2/repository/org/hibernate/hibernate-commons-annotations/3.2.0.Final/hibernate-commons-annotations-3.2.0.Final.jar:/home/clouduser/.m2/repository/org/hibernate/javax/persistence/hibernate-jpa-2.0-api/1.0.0.Final/hibernate-jpa-2.0-api-1.0.0.Final.jar:/home/clouduser/.m2/repository/org/projectlombok/lombok/1.16.20/lombok-1.16.20.jar:/home/clouduser/.m2/repository/com/fasterxml/jackson/core/jackson-core/2.9.4/jackson-core-2.9.4.jar:/home/clouduser/.m2/repository/org/xerial/sqlite-jdbc/3.21.0.1/sqlite-jdbc-3.21.0.1.jar:/home/clouduser/.m2/repository/com/zsoltfabok/sqlite-dialect/1.0/sqlite-dialect-1.0.jar:/home/clouduser/.m2/repository/org/junit/jupiter/junit-jupiter-engine/5.2.0/junit-jupiter-engine-5.2.0.jar:/home/clouduser/.m2/repository/org/apiguardian/apiguardian-api/1.0.0/apiguardian-api-1.0.0.jar:/home/clouduser/.m2/repository/org/junit/platform/junit-platform-engine/1.2.0/junit-platform-engine-1.2.0.jar:/home/clouduser/.m2/repository/org/junit/platform/junit-platform-commons/1.2.0/junit-platform-commons-1.2.0.jar:/home/clouduser/.m2/repository/org/opentest4j/opentest4j/1.1.0/opentest4j-1.1.0.jar:/home/clouduser/.m2/repository/org/junit/jupiter/junit-jupiter-api/5.2.0/junit-jupiter-api-5.2.0.jar:/home/clouduser/.m2/repository/org/hamcrest/hamcrest-all/1.3/hamcrest-all-1.3.jar:"/>
    <property name="java.vm.vendor" value="Oracle Corporation"/>
    <property name="sun.arch.data.model" value="64"/>
    <property name="java.vendor.url" value="http://java.oracle.com/"/>
    <property name="user.timezone" value=""/>
    <property name="java.vm.specification.version" value="1.8"/>
    <property name="os.name" value="Linux"/>
    <property name="user.country" value="US"/>
    <property name="sun.java.launcher" value="SUN_STANDARD"/>
    <property name="sun.boot.library.path" value="/usr/lib/jvm/java-8-openjdk-amd64/jre/lib/amd64"/>
    <property name="sun.java.command" value="/home/clouduser/Project_Database/target/surefire/surefirebooter2378293928736411375.jar /home/clouduser/Project_Database/target/surefire 2021-03-14T14-40-42_104-jvmRun1 surefire6844127870255833386tmp surefire_0284413031978993885tmp"/>
    <property name="surefire.test.class.path" value="/home/clouduser/Project_Database/target/test-classes:/home/clouduser/Project_Database/target/classes:/home/clouduser/.m2/repository/org/apache/hadoop/hadoop-common/3.0.0/hadoop-common-3.0.0.jar:/home/clouduser/.m2/repository/org/apache/hadoop/hadoop-annotations/3.0.0/hadoop-annotations-3.0.0.jar:/usr/lib/jvm/java-8-openjdk-amd64/jre/../lib/tools.jar:/home/clouduser/.m2/repository/com/google/guava/guava/11.0.2/guava-11.0.2.jar:/home/clouduser/.m2/repository/commons-cli/commons-cli/1.2/commons-cli-1.2.jar:/home/clouduser/.m2/repository/org/apache/commons/commons-math3/3.1.1/commons-math3-3.1.1.jar:/home/clouduser/.m2/repository/org/apache/httpcomponents/httpclient/4.5.2/httpclient-4.5.2.jar:/home/clouduser/.m2/repository/org/apache/httpcomponents/httpcore/4.4.4/httpcore-4.4.4.jar:/home/clouduser/.m2/repository/commons-codec/commons-codec/1.4/commons-codec-1.4.jar:/home/clouduser/.m2/repository/commons-io/commons-io/2.4/commons-io-2.4.jar:/home/clouduser/.m2/repository/commons-net/commons-net/3.1/commons-net-3.1.jar:/home/clouduser/.m2/repository/commons-collections/commons-collections/3.2.2/commons-collections-3.2.2.jar:/home/clouduser/.m2/repository/javax/servlet/javax.servlet-api/3.1.0/javax.servlet-api-3.1.0.jar:/home/clouduser/.m2/repository/org/eclipse/jetty/jetty-server/9.3.19.v20170502/jetty-server-9.3.19.v20170502.jar:/home/clouduser/.m2/repository/org/eclipse/jetty/jetty-http/9.3.19.v20170502/jetty-http-9.3.19.v20170502.jar:/home/clouduser/.m2/repository/org/eclipse/jetty/jetty-io/9.3.19.v20170502/jetty-io-9.3.19.v20170502.jar:/home/clouduser/.m2/repository/org/eclipse/jetty/jetty-util/9.3.19.v20170502/jetty-util-9.3.19.v20170502.jar:/home/clouduser/.m2/repository/org/eclipse/jetty/jetty-servlet/9.3.19.v20170502/jetty-servlet-9.3.19.v20170502.jar:/home/clouduser/.m2/repository/org/eclipse/jetty/jetty-security/9.3.19.v20170502/jetty-security-9.3.19.v20170502.jar:/home/clouduser/.m2/repository/org/eclipse/jetty/jetty-webapp/9.3.19.v20170502/jetty-webapp-9.3.19.v20170502.jar:/home/clouduser/.m2/repository/org/eclipse/jetty/jetty-xml/9.3.19.v20170502/jetty-xml-9.3.19.v20170502.jar:/home/clouduser/.m2/repository/javax/servlet/jsp/jsp-api/2.1/jsp-api-2.1.jar:/home/clouduser/.m2/repository/com/sun/jersey/jersey-core/1.19/jersey-core-1.19.jar:/home/clouduser/.m2/repository/javax/ws/rs/jsr311-api/1.1.1/jsr311-api-1.1.1.jar:/home/clouduser/.m2/repository/com/sun/jersey/jersey-servlet/1.19/jersey-servlet-1.19.jar:/home/clouduser/.m2/repository/com/sun/jersey/jersey-json/1.19/jersey-json-1.19.jar:/home/clouduser/.m2/repository/org/codehaus/jettison/jettison/1.1/jettison-1.1.jar:/home/clouduser/.m2/repository/com/sun/xml/bind/jaxb-impl/2.2.3-1/jaxb-impl-2.2.3-1.jar:/home/clouduser/.m2/repository/javax/xml/bind/jaxb-api/2.2.2/jaxb-api-2.2.2.jar:/home/clouduser/.m2/repository/javax/xml/stream/stax-api/1.0-2/stax-api-1.0-2.jar:/home/clouduser/.m2/repository/javax/activation/activation/1.1/activation-1.1.jar:/home/clouduser/.m2/repository/org/codehaus/jackson/jackson-core-asl/1.9.2/jackson-core-asl-1.9.2.jar:/home/clouduser/.m2/repository/org/codehaus/jackson/jackson-jaxrs/1.9.2/jackson-jaxrs-1.9.2.jar:/home/clouduser/.m2/repository/org/codehaus/jackson/jackson-xc/1.9.2/jackson-xc-1.9.2.jar:/home/clouduser/.m2/repository/com/sun/jersey/jersey-server/1.19/jersey-server-1.19.jar:/home/clouduser/.m2/repository/commons-logging/commons-logging/1.1.3/commons-logging-1.1.3.jar:/home/clouduser/.m2/repository/log4j/log4j/1.2.17/log4j-1.2.17.jar:/home/clouduser/.m2/repository/commons-lang/commons-lang/2.6/commons-lang-2.6.jar:/home/clouduser/.m2/repository/commons-beanutils/commons-beanutils/1.9.3/commons-beanutils-1.9.3.jar:/home/clouduser/.m2/repository/org/apache/commons/commons-configuration2/2.1.1/commons-configuration2-2.1.1.jar:/home/clouduser/.m2/repository/org/apache/commons/commons-lang3/3.4/commons-lang3-3.4.jar:/home/clouduser/.m2/repository/org/slf4j/slf4j-api/1.7.25/slf4j-api-1.7.25.jar:/home/clouduser/.m2/repository/org/slf4j/slf4j-log4j12/1.7.25/slf4j-log4j12-1.7.25.jar:/home/clouduser/.m2/repository/org/apache/avro/avro/1.7.7/avro-1.7.7.jar:/home/clouduser/.m2/repository/com/thoughtworks/paranamer/paranamer/2.3/paranamer-2.3.jar:/home/clouduser/.m2/repository/org/xerial/snappy/snappy-java/1.0.5/snappy-java-1.0.5.jar:/home/clouduser/.m2/repository/com/google/re2j/re2j/1.1/re2j-1.1.jar:/home/clouduser/.m2/repository/com/google/protobuf/protobuf-java/2.5.0/protobuf-java-2.5.0.jar:/home/clouduser/.m2/repository/com/google/code/gson/gson/2.2.4/gson-2.2.4.jar:/home/clouduser/.m2/repository/org/apache/hadoop/hadoop-auth/3.0.0/hadoop-auth-3.0.0.jar:/home/clouduser/.m2/repository/com/nimbusds/nimbus-jose-jwt/4.41.1/nimbus-jose-jwt-4.41.1.jar:/home/clouduser/.m2/repository/com/github/stephenc/jcip/jcip-annotations/1.0-1/jcip-annotations-1.0-1.jar:/home/clouduser/.m2/repository/net/minidev/json-smart/2.3/json-smart-2.3.jar:/home/clouduser/.m2/repository/net/minidev/accessors-smart/1.2/accessors-smart-1.2.jar:/home/clouduser/.m2/repository/org/ow2/asm/asm/5.0.4/asm-5.0.4.jar:/home/clouduser/.m2/repository/org/apache/curator/curator-framework/2.12.0/curator-framework-2.12.0.jar:/home/clouduser/.m2/repository/com/jcraft/jsch/0.1.54/jsch-0.1.54.jar:/home/clouduser/.m2/repository/org/apache/curator/curator-client/2.12.0/curator-client-2.12.0.jar:/home/clouduser/.m2/repository/org/apache/curator/curator-recipes/2.12.0/curator-recipes-2.12.0.jar:/home/clouduser/.m2/repository/com/google/code/findbugs/jsr305/3.0.0/jsr305-3.0.0.jar:/home/clouduser/.m2/repository/org/apache/htrace/htrace-core4/4.1.0-incubating/htrace-core4-4.1.0-incubating.jar:/home/clouduser/.m2/repository/org/apache/zookeeper/zookeeper/3.4.9/zookeeper-3.4.9.jar:/home/clouduser/.m2/repository/jline/jline/0.9.94/jline-0.9.94.jar:/home/clouduser/.m2/repository/io/netty/netty/3.10.5.Final/netty-3.10.5.Final.jar:/home/clouduser/.m2/repository/org/apache/commons/commons-compress/1.4.1/commons-compress-1.4.1.jar:/home/clouduser/.m2/repository/org/tukaani/xz/1.0/xz-1.0.jar:/home/clouduser/.m2/repository/org/apache/kerby/kerb-simplekdc/1.0.1/kerb-simplekdc-1.0.1.jar:/home/clouduser/.m2/repository/org/apache/kerby/kerb-client/1.0.1/kerb-client-1.0.1.jar:/home/clouduser/.m2/repository/org/apache/kerby/kerby-config/1.0.1/kerby-config-1.0.1.jar:/home/clouduser/.m2/repository/org/apache/kerby/kerb-core/1.0.1/kerb-core-1.0.1.jar:/home/clouduser/.m2/repository/org/apache/kerby/kerby-pkix/1.0.1/kerby-pkix-1.0.1.jar:/home/clouduser/.m2/repository/org/apache/kerby/kerby-asn1/1.0.1/kerby-asn1-1.0.1.jar:/home/clouduser/.m2/repository/org/apache/kerby/kerby-util/1.0.1/kerby-util-1.0.1.jar:/home/clouduser/.m2/repository/org/apache/kerby/kerb-common/1.0.1/kerb-common-1.0.1.jar:/home/clouduser/.m2/repository/org/apache/kerby/kerb-crypto/1.0.1/kerb-crypto-1.0.1.jar:/home/clouduser/.m2/repository/org/apache/kerby/kerb-util/1.0.1/kerb-util-1.0.1.jar:/home/clouduser/.m2/repository/org/apache/kerby/token-provider/1.0.1/token-provider-1.0.1.jar:/home/clouduser/.m2/repository/org/apache/kerby/kerb-admin/1.0.1/kerb-admin-1.0.1.jar:/home/clouduser/.m2/repository/org/apache/kerby/kerb-server/1.0.1/kerb-server-1.0.1.jar:/home/clouduser/.m2/repository/org/apache/kerby/kerb-identity/1.0.1/kerb-identity-1.0.1.jar:/home/clouduser/.m2/repository/org/apache/kerby/kerby-xdr/1.0.1/kerby-xdr-1.0.1.jar:/home/clouduser/.m2/repository/com/fasterxml/jackson/core/jackson-databind/2.7.8/jackson-databind-2.7.8.jar:/home/clouduser/.m2/repository/com/fasterxml/jackson/core/jackson-annotations/2.7.0/jackson-annotations-2.7.0.jar:/home/clouduser/.m2/repository/org/codehaus/woodstox/stax2-api/3.1.4/stax2-api-3.1.4.jar:/home/clouduser/.m2/repository/com/fasterxml/woodstox/woodstox-core/5.0.3/woodstox-core-5.0.3.jar:/home/clouduser/.m2/repository/org/apache/hbase/hbase-client/1.4.1/hbase-client-1.4.1.jar:/home/clouduser/.m2/repository/org/apache/hbase/hbase-annotations/1.4.1/hbase-annotations-1.4.1.jar:/home/clouduser/.m2/repository/com/github/stephenc/findbugs/findbugs-annotations/1.3.9-1/findbugs-annotations-1.3.9-1.jar:/home/clouduser/.m2/repository/junit/junit/4.12/junit-4.12.jar:/home/clouduser/.m2/repository/org/hamcrest/hamcrest-core/1.3/hamcrest-core-1.3.jar:/home/clouduser/.m2/repository/org/apache/hbase/hbase-common/1.4.1/hbase-common-1.4.1.jar:/home/clouduser/.m2/repository/org/mortbay/jetty/jetty-util/6.1.26/jetty-util-6.1.26.jar:/home/clouduser/.m2/repository/org/apache/hbase/hbase-hadoop-compat/1.4.1/hbase-hadoop-compat-1.4.1.jar:/home/clouduser/.m2/repository/org/apache/commons/commons-math/2.2/commons-math-2.2.jar:/home/clouduser/.m2/repository/org/apache/hbase/hbase-metrics-api/1.4.1/hbase-metrics-api-1.4.1.jar:/home/clouduser/.m2/repository/org/apache/hbase/hbase-hadoop2-compat/1.4.1/hbase-hadoop2-compat-1.4.1.jar:/home/clouduser/.m2/repository/org/apache/hbase/hbase-metrics/1.4.1/hbase-metrics-1.4.1.jar:/home/clouduser/.m2/repository/io/dropwizard/metrics/metrics-core/3.1.2/metrics-core-3.1.2.jar:/home/clouduser/.m2/repository/org/apache/hbase/hbase-protocol/1.4.1/hbase-protocol-1.4.1.jar:/home/clouduser/.m2/repository/io/netty/netty-all/4.1.8.Final/netty-all-4.1.8.Final.jar:/home/clouduser/.m2/repository/org/apache/htrace/htrace-core/3.1.0-incubating/htrace-core-3.1.0-incubating.jar:/home/clouduser/.m2/repository/org/codehaus/jackson/jackson-mapper-asl/1.9.13/jackson-mapper-asl-1.9.13.jar:/home/clouduser/.m2/repository/org/jruby/jcodings/jcodings/1.0.8/jcodings-1.0.8.jar:/home/clouduser/.m2/repository/org/jruby/joni/joni/2.1.2/joni-2.1.2.jar:/home/clouduser/.m2/repository/com/yammer/metrics/metrics-core/2.2.0/metrics-core-2.2.0.jar:/home/clouduser/.m2/repository/org/apache/hadoop/hadoop-mapreduce-client-core/2.7.4/hadoop-mapreduce-client-core-2.7.4.jar:/home/clouduser/.m2/repository/org/apache/hadoop/hadoop-yarn-common/2.7.4/hadoop-yarn-common-2.7.4.jar:/home/clouduser/.m2/repository/org/apache/hadoop/hadoop-yarn-api/2.7.4/hadoop-yarn-api-2.7.4.jar:/home/clouduser/.m2/repository/mysql/mysql-connector-java/5.1.44/mysql-connector-java-5.1.44.jar:/home/clouduser/.m2/repository/org/apache/commons/commons-exec/1.3/commons-exec-1.3.jar:/home/clouduser/.m2/repository/org/hibernate/hibernate-core/5.2.12.Final/hibernate-core-5.2.12.Final.jar:/home/clouduser/.m2/repository/org/jboss/logging/jboss-logging/3.3.0.Final/jboss-logging-3.3.0.Final.jar:/home/clouduser/.m2/repository/org/hibernate/javax/persistence/hibernate-jpa-2.1-api/1.0.0.Final/hibernate-jpa-2.1-api-1.0.0.Final.jar:/home/clouduser/.m2/repository/org/javassist/javassist/3.20.0-GA/javassist-3.20.0-GA.jar:/home/clouduser/.m2/repository/antlr/antlr/2.7.7/antlr-2.7.7.jar:/home/clouduser/.m2/repository/org/jboss/spec/javax/transaction/jboss-transaction-api_1.2_spec/1.0.1.Final/jboss-transaction-api_1.2_spec-1.0.1.Final.jar:/home/clouduser/.m2/repository/org/jboss/jandex/2.0.3.Final/jandex-2.0.3.Final.jar:/home/clouduser/.m2/repository/com/fasterxml/classmate/1.3.0/classmate-1.3.0.jar:/home/clouduser/.m2/repository/dom4j/dom4j/1.6.1/dom4j-1.6.1.jar:/home/clouduser/.m2/repository/org/hibernate/common/hibernate-commons-annotations/5.0.1.Final/hibernate-commons-annotations-5.0.1.Final.jar:/home/clouduser/.m2/repository/org/hibernate/hibernate-annotations/3.5.6-Final/hibernate-annotations-3.5.6-Final.jar:/home/clouduser/.m2/repository/org/hibernate/hibernate-commons-annotations/3.2.0.Final/hibernate-commons-annotations-3.2.0.Final.jar:/home/clouduser/.m2/repository/org/hibernate/javax/persistence/hibernate-jpa-2.0-api/1.0.0.Final/hibernate-jpa-2.0-api-1.0.0.Final.jar:/home/clouduser/.m2/repository/org/projectlombok/lombok/1.16.20/lombok-1.16.20.jar:/home/clouduser/.m2/repository/com/fasterxml/jackson/core/jackson-core/2.9.4/jackson-core-2.9.4.jar:/home/clouduser/.m2/repository/org/xerial/sqlite-jdbc/3.21.0.1/sqlite-jdbc-3.21.0.1.jar:/home/clouduser/.m2/repository/com/zsoltfabok/sqlite-dialect/1.0/sqlite-dialect-1.0.jar:/home/clouduser/.m2/repository/org/junit/jupiter/junit-jupiter-engine/5.2.0/junit-jupiter-engine-5.2.0.jar:/home/clouduser/.m2/repository/org/apiguardian/apiguardian-api/1.0.0/apiguardian-api-1.0.0.jar:/home/clouduser/.m2/repository/org/junit/platform/junit-platform-engine/1.2.0/junit-platform-engine-1.2.0.jar:/home/clouduser/.m2/repository/org/junit/platform/junit-platform-commons/1.2.0/junit-platform-commons-1.2.0.jar:/home/clouduser/.m2/repository/org/opentest4j/opentest4j/1.1.0/opentest4j-1.1.0.jar:/home/clouduser/.m2/repository/org/junit/jupiter/junit-jupiter-api/5.2.0/junit-jupiter-api-5.2.0.jar:/home/clouduser/.m2/repository/org/hamcrest/hamcrest-all/1.3/hamcrest-all-1.3.jar:"/>
    <property name="sun.cpu.endian" value="little"/>
    <property name="user.home" value="/home/clouduser"/>
    <property name="user.language" value="en"/>
    <property name="java.specification.vendor" value="Oracle Corporation"/>
    <property name="java.home" value="/usr/lib/jvm/java-8-openjdk-amd64/jre"/>
    <property name="basedir" value="/home/clouduser/Project_Database"/>
    <property name="file.separator" value="/"/>
    <property name="line.separator" value="&#10;"/>
    <property name="java.vm.specification.vendor" value="Oracle Corporation"/>
    <property name="java.specification.name" value="Java Platform API Specification"/>
    <property name="java.awt.graphicsenv" value="sun.awt.X11GraphicsEnvironment"/>
    <property name="surefire.real.class.path" value="/home/clouduser/Project_Database/target/surefire/surefirebooter2378293928736411375.jar:/home/clouduser/.m2/repository/org/jacoco/org.jacoco.agent/0.8.2/org.jacoco.agent-0.8.2-runtime.jar"/>
    <property name="sun.boot.class.path" value="/usr/lib/jvm/java-8-openjdk-amd64/jre/lib/resources.jar:/usr/lib/jvm/java-8-openjdk-amd64/jre/lib/rt.jar:/usr/lib/jvm/java-8-openjdk-amd64/jre/lib/sunrsasign.jar:/usr/lib/jvm/java-8-openjdk-amd64/jre/lib/jsse.jar:/usr/lib/jvm/java-8-openjdk-amd64/jre/lib/jce.jar:/usr/lib/jvm/java-8-openjdk-amd64/jre/lib/charsets.jar:/usr/lib/jvm/java-8-openjdk-amd64/jre/lib/jfr.jar:/usr/lib/jvm/java-8-openjdk-amd64/jre/classes"/>
    <property name="sun.management.compiler" value="HotSpot 64-Bit Tiered Compilers"/>
    <property name="java.runtime.version" value="1.8.0_191-8u191-b12-2ubuntu0.16.04.1-b12"/>
    <property name="user.name" value="clouduser"/>
    <property name="path.separator" value=":"/>
    <property name="os.version" value="4.15.0-1037-azure"/>
    <property name="java.endorsed.dirs" value="/usr/lib/jvm/java-8-openjdk-amd64/jre/lib/endorsed"/>
    <property name="java.runtime.name" value="OpenJDK Runtime Environment"/>
    <property name="file.encoding" value="UTF-8"/>
    <property name="java.vm.name" value="OpenJDK 64-Bit Server VM"/>
    <property name="localRepository" value="/home/clouduser/.m2/repository"/>
    <property name="java.vendor.url.bug" value="http://bugreport.sun.com/bugreport/"/>
    <property name="java.io.tmpdir" value="/tmp"/>
    <property name="java.version" value="1.8.0_191"/>
    <property name="user.dir" value="/home/clouduser/Project_Database"/>
    <property name="os.arch" value="amd64"/>
    <property name="java.vm.specification.name" value="Java Virtual Machine Specification"/>
    <property name="java.awt.printerjob" value="sun.print.PSPrinterJob"/>
    <property name="sun.os.patch.level" value="unknown"/>
    <property name="java.library.path" value="/usr/java/packages/lib/amd64:/usr/lib/x86_64-linux-gnu/jni:/lib/x86_64-linux-gnu:/usr/lib/x86_64-linux-gnu:/usr/lib/jni:/lib:/usr/lib"/>
    <property name="java.vm.info" value="mixed mode"/>
    <property name="java.vendor" value="Oracle Corporation"/>
    <property name="java.vm.version" value="25.191-b12"/>
    <property name="java.ext.dirs" value="/usr/lib/jvm/java-8-openjdk-amd64/jre/lib/ext:/usr/java/packages/lib/ext"/>
    <property name="sun.io.unicode.encoding" value="UnicodeLittle"/>
    <property name="java.class.version" value="52.0"/>
  </properties>
  <testcase name="del" classname="edu.cmu.cs.cloud.RedisTest" time="0"/>
  <testcase name="get" classname="edu.cmu.cs.cloud.RedisTest" time="0"/>
  <testcase name="set" classname="edu.cmu.cs.cloud.RedisTest" time="0"/>
  <testcase name="hget" classname="edu.cmu.cs.cloud.RedisTest" time="0.016">
    <error message="add test cases on your own" type="java.lang.RuntimeException">java.lang.RuntimeException: add test cases on your own
	at edu.cmu.cs.cloud.RedisTest.hget(RedisTest.java:111)
</error>
  </testcase>
  <testcase name="hset" classname="edu.cmu.cs.cloud.RedisTest" time="0.01">
    <error message="add test cases on your own" type="java.lang.RuntimeException">java.lang.RuntimeException: add test cases on your own
	at edu.cmu.cs.cloud.RedisTest.hset(RedisTest.java:106)
</error>
  </testcase>
  <testcase name="llen" classname="edu.cmu.cs.cloud.RedisTest" time="0">
    <error message="add test cases on your own" type="java.lang.RuntimeException">java.lang.RuntimeException: add test cases on your own
	at edu.cmu.cs.cloud.RedisTest.llen(RedisTest.java:121)
</error>
  </testcase>
  <testcase name="rpop" classname="edu.cmu.cs.cloud.RedisTest" time="0.002">
    <error message="add test cases on your own" type="java.lang.RuntimeException">java.lang.RuntimeException: add test cases on your own
	at edu.cmu.cs.cloud.RedisTest.rpop(RedisTest.java:131)
</error>
  </testcase>
  <testcase name="type" classname="edu.cmu.cs.cloud.RedisTest" time="0.001">
    <error message="Waiting to be implemented" type="java.lang.UnsupportedOperationException">java.lang.UnsupportedOperationException: Waiting to be implemented
	at edu.cmu.cs.cloud.RedisTest.type(RedisTest.java:47)
</error>
  </testcase>
  <testcase name="rpush" classname="edu.cmu.cs.cloud.RedisTest" time="0">
    <error message="add test cases on your own" type="java.lang.RuntimeException">java.lang.RuntimeException: add test cases on your own
	at edu.cmu.cs.cloud.RedisTest.rpush(RedisTest.java:126)
</error>
  </testcase>
  <testcase name="checkType" classname="edu.cmu.cs.cloud.RedisTest" time="0.001"/>
  <testcase name="hgetall" classname="edu.cmu.cs.cloud.RedisTest" time="0.002">
    <error message="add test cases on your own" type="java.lang.RuntimeException">java.lang.RuntimeException: add test cases on your own
	at edu.cmu.cs.cloud.RedisTest.hgetall(RedisTest.java:116)
</error>
  </testcase>
</testsuite>